[2021-10-29 17:11:59] local.INFO: array (
  'response' => '2',
  'responsetext' => 'Insufficient funds',
  'authcode' => '',
  'transactionid' => '6698781121',
  'avsresponse' => '',
  'cvvresponse' => 'M',
  'orderid' => '',
  'type' => 'sale',
  'response_code' => '202',
  'card_number' => '4030150431414407',
)  
[2021-10-29 17:18:54] local.INFO: array (
  'response' => '2',
  'responsetext' => 'Insufficient funds',
  'authcode' => '',
  'transactionid' => '6698799190',
  'avsresponse' => '',
  'cvvresponse' => 'M',
  'orderid' => '',
  'type' => 'sale',
  'response_code' => '202',
  'card_number' => '4030150431414407',
)  
[2021-10-29 17:52:27] local.INFO: array (
  'response' => '2',
  'responsetext' => 'DECLINED: NSF',
  'authcode' => '      ',
  'transactionid' => '6698886720',
  'avsresponse' => '',
  'cvvresponse' => 'M',
  'orderid' => '',
  'type' => 'sale',
  'response_code' => '200',
  'card_number' => '4030150485669401',
)  
[2021-10-29 17:53:01] local.INFO: array (
  'response' => '2',
  'responsetext' => 'TRAN NOT ALLOWED',
  'authcode' => '      ',
  'transactionid' => '6698887964',
  'avsresponse' => '',
  'cvvresponse' => 'M',
  'orderid' => '',
  'type' => 'sale',
  'response_code' => '200',
  'card_number' => '4263707775126224',
)  
[2021-11-16 08:57:56] local.INFO: array (
  'response' => '3',
  'responsetext' => 'CVV must be 3 or 4 digits REFID:1172542826',
  'authcode' => '',
  'transactionid' => '',
  'avsresponse' => '',
  'cvvresponse' => '',
  'orderid' => '',
  'type' => 'sale',
  'response_code' => '300',
  'card_number' => '464654654',
)  
